build/outputs/logs/manifest-merger-debug-report.txt
-- Merging decision tree log ---
manifest
ADDED from Presto Recipes Android\PrestoCookbook\AndroidManifest.xml:2:1-59:12
	xmlns:android
		ADDED from Presto Recipes Android\PrestoCookbook\AndroidManifest.xml:2:11-69
	package
		ADDED from Presto Recipes Android\PrestoCookbook\AndroidManifest.xml:3:5-40
	android:versionName
		ADDED from Presto Recipes Android\PrestoCookbook\AndroidManifest.xml:5:5-30
	android:versionCode
		ADDED from Presto Recipes Android\PrestoCookbook\AndroidManifest.xml:4:5-28
		INJECTED from Presto Recipes Android\PrestoCookbook\AndroidManifest.xml
		INJECTED from Presto Recipes Android\PrestoCookbook\AndroidManifest.xml
uses-sdk
ADDED from Presto Recipes Android\PrestoCookbook\AndroidManifest.xml:8:5-10:41
	android:targetSdkVersion
		ADDED from Presto Recipes Android\PrestoCookbook\AndroidManifest.xml:10:9-38
	android:minSdkVersion
		ADDED from Presto Recipes Android\PrestoCookbook\AndroidManifest.xml:9:9-35
uses-permission#android.permission.WRITE_EXTERNAL_STORAGE
ADDED from Presto Recipes Android\PrestoCookbook\AndroidManifest.xml:12:5-80
	android:name
		ADDED from Presto Recipes Android\PrestoCookbook\AndroidManifest.xml:12:22-78
application
ADDED from Presto Recipes Android\PrestoCookbook\AndroidManifest.xml:14:5-57:19
	android:label
		ADDED from Presto Recipes Android\PrestoCookbook\AndroidManifest.xml:17:9-41
	android:allowBackup
		ADDED from Presto Recipes Android\PrestoCookbook\AndroidManifest.xml:15:9-35
	android:icon
		ADDED from Presto Recipes Android\PrestoCookbook\AndroidManifest.xml:16:9-45
	android:theme
		ADDED from Presto Recipes Android\PrestoCookbook\AndroidManifest.xml:18:9-40
activity#com.bignis.prestocookbook.DisplayRecipeActivity
ADDED from Presto Recipes Android\PrestoCookbook\AndroidManifest.xml:19:9-30:20
	android:label
		ADDED from Presto Recipes Android\PrestoCookbook\AndroidManifest.xml:21:13-45
	android:parentActivityName
		ADDED from Presto Recipes Android\PrestoCookbook\AndroidManifest.xml:22:13-62
	android:name
		ADDED from Presto Recipes Android\PrestoCookbook\AndroidManifest.xml:20:13-75
meta-data#android.support.PARENT_ACTIVITY
ADDED from Presto Recipes Android\PrestoCookbook\AndroidManifest.xml:27:13-29:81
	android:name
		ADDED from Presto Recipes Android\PrestoCookbook\AndroidManifest.xml:28:17-63
	android:value
		ADDED from Presto Recipes Android\PrestoCookbook\AndroidManifest.xml:29:17-78
activity#com.bignis.prestocookbook.RecipesListActivity
ADDED from Presto Recipes Android\PrestoCookbook\AndroidManifest.xml:31:9-39:20
	android:label
		ADDED from Presto Recipes Android\PrestoCookbook\AndroidManifest.xml:33:13-58
	android:name
		ADDED from Presto Recipes Android\PrestoCookbook\AndroidManifest.xml:32:13-73
intent-filter#android.intent.action.MAIN+android.intent.category.LAUNCHER
ADDED from Presto Recipes Android\PrestoCookbook\AndroidManifest.xml:34:13-38:29
	android:label
		ADDED from Presto Recipes Android\PrestoCookbook\AndroidManifest.xml:34:28-58
action#android.intent.action.MAIN
ADDED from Presto Recipes Android\PrestoCookbook\AndroidManifest.xml:36:17-69
	android:name
		ADDED from Presto Recipes Android\PrestoCookbook\AndroidManifest.xml:36:25-66
category#android.intent.category.LAUNCHER
ADDED from Presto Recipes Android\PrestoCookbook\AndroidManifest.xml:37:17-77
	android:name
		ADDED from Presto Recipes Android\PrestoCookbook\AndroidManifest.xml:37:27-74
activity#com.bignis.prestocookbook.LoadRecipesActivity
ADDED from Presto Recipes Android\PrestoCookbook\AndroidManifest.xml:40:9-56:20
	android:name
		ADDED from Presto Recipes Android\PrestoCookbook\AndroidManifest.xml:41:13-73
intent-filter#android.intent.action.VIEW+android.intent.category.BROWSABLE+android.intent.category.DEFAULT
ADDED from Presto Recipes Android\PrestoCookbook\AndroidManifest.xml:45:13-55:29
action#android.intent.action.VIEW
ADDED from Presto Recipes Android\PrestoCookbook\AndroidManifest.xml:46:17-68
	android:name
		ADDED from Presto Recipes Android\PrestoCookbook\AndroidManifest.xml:46:25-66
category#android.intent.category.BROWSABLE
ADDED from Presto Recipes Android\PrestoCookbook\AndroidManifest.xml:47:17-77
	android:name
		ADDED from Presto Recipes Android\PrestoCookbook\AndroidManifest.xml:47:27-75
category#android.intent.category.DEFAULT
ADDED from Presto Recipes Android\PrestoCookbook\AndroidManifest.xml:48:17-75
	android:name
		ADDED from Presto Recipes Android\PrestoCookbook\AndroidManifest.xml:48:27-73
data
ADDED from Presto Recipes Android\PrestoCookbook\AndroidManifest.xml:53:17-103
	android:mimeType
		ADDED from Presto Recipes Android\PrestoCookbook\AndroidManifest.xml:53:79-101
	android:pathPattern
		ADDED from Presto Recipes Android\PrestoCookbook\AndroidManifest.xml:53:45-78
	android:scheme
		ADDED from Presto Recipes Android\PrestoCookbook\AndroidManifest.xml:53:23-44